<?xml version="1.0" encoding="UTF-8"?>
<!-- Generated by org.testng.reporters.JUnitReportReporter -->
<testsuite hostname="SubodhGavhane" failures="0" tests="2" name="LearningTestNG.Test1" time="0.010" errors="0" timestamp="17 Apr 2024 18:14:15 GMT" skipped="0">
  <testcase classname="LearningTestNG.Test1" name="demo" time="0.009"/>
  <testcase classname="LearningTestNG.Test1" name="main" time="0.001"/>
</testsuite> <!-- LearningTestNG.Test1 -->
