<?xml version="1.0" encoding="UTF-8"?>
<!-- Generated by org.testng.reporters.JUnitReportReporter -->
<testsuite hostname="SubodhGavhane" failures="0" tests="1" name="TestScripts.InvalidLogin" time="5.802" errors="0" timestamp="22 Apr 2024 10:11:10 GMT" skipped="0">
  <testcase classname="TestScripts.InvalidLogin" name="InvalidLogin" time="5.802"/>
</testsuite> <!-- TestScripts.InvalidLogin -->
