<?xml version="1.0" encoding="UTF-8"?>
<!-- Generated by org.testng.reporters.JUnitReportReporter -->
<testsuite hostname="SubodhGavhane" failures="0" tests="1" name="TestScripts.ValidLogin" time="3.292" errors="0" timestamp="24 Apr 2024 05:39:39 GMT" skipped="0">
  <testcase classname="TestScripts.ValidLogin" name="login" time="3.292"/>
</testsuite> <!-- TestScripts.ValidLogin -->
