<?xml version="1.0" encoding="UTF-8"?>
<!-- Generated by org.testng.reporters.JUnitReportReporter -->
<testsuite hostname="SubodhGavhane" failures="0" tests="1" name="TestScripts.createTask" time="8.981" errors="0" timestamp="20 Apr 2024 18:09:30 GMT" skipped="0">
  <testcase classname="TestScripts.createTask" name="Task" time="8.981"/>
</testsuite> <!-- TestScripts.createTask -->
