<?xml version="1.0" encoding="UTF-8"?>
<!-- Generated by org.testng.reporters.JUnitReportReporter -->
<testsuite hostname="SubodhGavhane" failures="0" tests="4" name="DataProvider.WorkingWithDataProvider" time="10.919" errors="0" timestamp="12 May 2024 16:41:59 GMT" skipped="0">
  <testcase classname="DataProvider.WorkingWithDataProvider" name="login" time="2.585"/>
  <testcase classname="DataProvider.WorkingWithDataProvider" name="login" time="2.646"/>
  <testcase classname="DataProvider.WorkingWithDataProvider" name="login" time="3.144"/>
  <testcase classname="DataProvider.WorkingWithDataProvider" name="login" time="2.544"/>
</testsuite> <!-- DataProvider.WorkingWithDataProvider -->
