<?xml version="1.0" encoding="UTF-8"?>
<!-- Generated by org.testng.reporters.JUnitReportReporter -->
<testsuite hostname="SubodhGavhane" failures="0" tests="1" name="TestScripts.ValidLoginTest" time="3.340" errors="0" timestamp="11 May 2024 11:08:22 GMT" skipped="0">
  <testcase classname="TestScripts.ValidLoginTest" name="login" time="3.340"/>
</testsuite> <!-- TestScripts.ValidLoginTest -->
