<?xml version="1.0" encoding="UTF-8"?>
<!-- Generated by org.testng.reporters.JUnitReportReporter -->
<testsuite hostname="SubodhGavhane" failures="0" tests="2" name="TestScripts.createcustomer" time="8.184" errors="0" timestamp="22 Apr 2024 10:14:52 GMT" skipped="0">
  <testcase classname="TestScripts.createcustomer" name="login" time="2.508"/>
  <testcase classname="TestScripts.createcustomer" name="Task" time="5.676"/>
</testsuite> <!-- TestScripts.createcustomer -->
