<?xml version="1.0" encoding="UTF-8"?>
<!-- Generated by org.testng.reporters.JUnitReportReporter -->
<testsuite hostname="SubodhGavhane" failures="0" tests="1" name="TestScripts.CreateNewcustomerTset" time="3.319" errors="0" timestamp="23 Apr 2024 05:29:08 GMT" skipped="0">
  <testcase classname="TestScripts.CreateNewcustomerTset" name="Task" time="3.319"/>
</testsuite> <!-- TestScripts.CreateNewcustomerTset -->
